<?xml version="1.0" encoding="UTF-8"?>
<!-- Generated by org.testng.reporters.JUnitReportReporter -->
<testsuite hostname="DESKTOP-MKNCDD6" failures="0" tests="1" name="Runner.TestRunner" time="61.327" errors="0" timestamp="2022-04-05T12:58:35 IST" skipped="0">
  <testcase classname="Runner.TestRunner" name="runScenario" time="61.327"/>
  <system-out/>
</testsuite> <!-- Runner.TestRunner -->
